d:\ra92-2016\dsp2\postavka\imagedsp\build\vs2015\imagedsp\trainsvm\x64\debug\featuredetection.obj
d:\ra92-2016\dsp2\postavka\imagedsp\build\vs2015\imagedsp\trainsvm\x64\debug\svmconsolemain.obj
d:\ra92-2016\dsp2\postavka\imagedsp\build\vs2015\imagedsp\trainsvm\x64\debug\kmeans.obj
d:\ra92-2016\dsp2\postavka\imagedsp\build\vs2015\imagedsp\trainsvm\x64\debug\svm.obj
d:\ra92-2016\dsp2\postavka\imagedsp\build\vs2015\imagedsp\trainsvm\x64\debug\trainsvm.obj
d:\ra92-2016\dsp2\postavka\imagedsp\build\vs2015\imagedsp\trainsvm\x64\debug\imagefilter.obj
d:\ra92-2016\dsp2\postavka\imagedsp\build\vs2015\imagedsp\trainsvm\x64\debug\bow.obj
d:\ra92-2016\dsp2\postavka\imagedsp\build\vs2015\imagedsp\trainsvm\x64\debug\colorspaces.obj
d:\ra92-2016\dsp2\postavka\imagedsp\build\vs2015\imagedsp\trainsvm\x64\debug\predictsvm.obj
d:\ra92-2016\dsp2\postavka\imagedsp\build\vs2015\imagedsp\trainsvm\x64\debug\vc140.pdb
d:\ra92-2016\dsp2\postavka\imagedsp\build\vs2015\imagedsp\trainsvm\x64\debug\qrc_imagedsp.obj
d:\ra92-2016\dsp2\postavka\imagedsp\build\vs2015\imagedsp\trainsvm\generatedfiles\qrc_imagedsp.cpp
d:\ra92-2016\dsp2\postavka\imagedsp\build\vs2015\imagedsp\x64\debug\trainsvm.ilk
d:\ra92-2016\dsp2\postavka\imagedsp\build\vs2015\imagedsp\x64\debug\trainsvm.exe
d:\ra92-2016\dsp2\postavka\imagedsp\build\vs2015\imagedsp\x64\debug\trainsvm.pdb
d:\ra92-2016\dsp2\postavka\imagedsp\build\vs2015\imagedsp\trainsvm\x64\debug\trainsvm.tlog\cl.command.1.tlog
d:\ra92-2016\dsp2\postavka\imagedsp\build\vs2015\imagedsp\trainsvm\x64\debug\trainsvm.tlog\cl.read.1.tlog
d:\ra92-2016\dsp2\postavka\imagedsp\build\vs2015\imagedsp\trainsvm\x64\debug\trainsvm.tlog\cl.write.1.tlog
d:\ra92-2016\dsp2\postavka\imagedsp\build\vs2015\imagedsp\trainsvm\x64\debug\trainsvm.tlog\custombuild.command.1.tlog
d:\ra92-2016\dsp2\postavka\imagedsp\build\vs2015\imagedsp\trainsvm\x64\debug\trainsvm.tlog\custombuild.read.1.tlog
d:\ra92-2016\dsp2\postavka\imagedsp\build\vs2015\imagedsp\trainsvm\x64\debug\trainsvm.tlog\custombuild.write.1.tlog
d:\ra92-2016\dsp2\postavka\imagedsp\build\vs2015\imagedsp\trainsvm\x64\debug\trainsvm.tlog\link.command.1.tlog
d:\ra92-2016\dsp2\postavka\imagedsp\build\vs2015\imagedsp\trainsvm\x64\debug\trainsvm.tlog\link.read.1.tlog
d:\ra92-2016\dsp2\postavka\imagedsp\build\vs2015\imagedsp\trainsvm\x64\debug\trainsvm.tlog\link.write.1.tlog
